<?xml version="1.0" encoding="UTF-8"?>
<!-- Generated by org.testng.reporters.JUnitReportReporter -->
<testsuite hostname="DESKTOP-CO84QLD" failures="0" tests="2" name="mohoshi.ClassTestNG" time="0.018" errors="0" timestamp="2023-09-30T19:06:09 BDT" skipped="0">
  <testcase classname="mohoshi.ClassTestNG" name="TestTitle" time="0.011"/>
  <testcase classname="mohoshi.ClassTestNG" name="Testurl" time="0.007"/>
</testsuite> <!-- mohoshi.ClassTestNG -->
